0 info it worked if it ends with ok
1 verbose cli [ '/usr/local/bin/node', '/usr/local/bin/npm', 'start' ]
2 info using npm@4.0.5
3 info using node@v6.9.2
4 verbose config Skipping project config: /Users/TomasTriska/.npmrc. (matches userconfig)
5 verbose stack Error: missing script: start
5 verbose stack     at run (/usr/local/lib/node_modules/npm/lib/run-script.js:151:19)
5 verbose stack     at /usr/local/lib/node_modules/npm/lib/run-script.js:61:5
5 verbose stack     at /usr/local/lib/node_modules/npm/node_modules/read-package-json/read-json.js:356:5
5 verbose stack     at checkBinReferences_ (/usr/local/lib/node_modules/npm/node_modules/read-package-json/read-json.js:320:45)
5 verbose stack     at final (/usr/local/lib/node_modules/npm/node_modules/read-package-json/read-json.js:354:3)
5 verbose stack     at then (/usr/local/lib/node_modules/npm/node_modules/read-package-json/read-json.js:124:5)
5 verbose stack     at ReadFileContext.<anonymous> (/usr/local/lib/node_modules/npm/node_modules/read-package-json/read-json.js:308:29)
5 verbose stack     at ReadFileContext.callback (/usr/local/lib/node_modules/npm/node_modules/graceful-fs/graceful-fs.js:78:16)
5 verbose stack     at FSReqWrap.readFileAfterOpen [as oncomplete] (fs.js:365:13)
6 verbose cwd /Users/TomasTriska/NetBeansProjects/Robbie
7 error Darwin 16.4.0
8 error argv "/usr/local/bin/node" "/usr/local/bin/npm" "start"
9 error node v6.9.2
10 error npm  v4.0.5
11 error missing script: start
12 error If you need help, you may report this error at:
12 error     <https://github.com/npm/npm/issues>
13 verbose exit [ 1, true ]
